# JRE version: OpenJDK Runtime Environment Microsoft-8902769 (17.0.10+7) (build 17.0.10+7-LTS)
# Java VM: OpenJDK 64-Bit Server VM Microsoft-8902769 (17.0.10+7-LTS, mixed mode, sharing, tiered, compressed oops, compressed class ptrs, g1 gc, windows-amd64)
GC Precious Log:
 CPUs: 12 total, 12 available
 Memory: 7860M
 Large Page Support: Disabled
 NUMA Support: Disabled
 Compressed Oops: Enabled (32-bit)
 Heap Region Size: 1M
 Heap Min Capacity: 8M
 Heap Initial Capacity: 124M
 Heap Max Capacity: 2G
 Pre-touch: Disabled
 Parallel Workers: 10
 Concurrent Workers: 3
 Concurrent Refinement Workers: 10
 Periodic GC: Disabled
Heap:
 garbage-first heap   total 163840K, used 97198K [0x0000000080000000, 0x0000000100000000)
  region size 1024K, 52 young (53248K), 7 survivors (7168K)
 Metaspace       used 60157K, committed 60800K, reserved 491520K
  class space    used 8407K, committed 8704K, reserved 425984K
GC Heap History (20 events):
Event: 14.199 GC heap before
{Heap before GC invocations=6 (full 0):
 garbage-first heap   total 81920K, used 28931K [0x0000000080000000, 0x0000000100000000)
  region size 1024K, 7 young (7168K), 6 survivors (6144K)
 Metaspace       used 28799K, committed 29248K, reserved 491520K
  class space    used 4028K, committed 4224K, reserved 425984K
}
Event: 14.206 GC heap after
{Heap after GC invocations=7 (full 0):
 garbage-first heap   total 81920K, used 28425K [0x0000000080000000, 0x0000000100000000)
  region size 1024K, 1 young (1024K), 1 survivors (1024K)
 Metaspace       used 28799K, committed 29248K, reserved 491520K
  class space    used 4028K, committed 4224K, reserved 425984K
}
Event: 17.546 GC heap before
{Heap before GC invocations=7 (full 0):
 garbage-first heap   total 81920K, used 63241K [0x0000000080000000, 0x0000000100000000)
  region size 1024K, 32 young (32768K), 1 survivors (1024K)
 Metaspace       used 31677K, committed 32064K, reserved 491520K
  class space    used 4351K, committed 4544K, reserved 425984K
}
Event: 17.549 GC heap after
{Heap after GC invocations=8 (full 0):
 garbage-first heap   total 81920K, used 31066K [0x0000000080000000, 0x0000000100000000)
  region size 1024K, 4 young (4096K), 4 survivors (4096K)
 Metaspace       used 31677K, committed 32064K, reserved 491520K
  class space    used 4351K, committed 4544K, reserved 425984K
}
Event: 30.334 GC heap before
{Heap before GC invocations=8 (full 0):
 garbage-first heap   total 81920K, used 60762K [0x0000000080000000, 0x0000000100000000)
  region size 1024K, 33 young (33792K), 4 survivors (4096K)
 Metaspace       used 33732K, committed 34240K, reserved 491520K
  class space    used 4653K, committed 4864K, reserved 425984K
}
Event: 30.339 GC heap after
{Heap after GC invocations=9 (full 0):
 garbage-first heap   total 81920K, used 33061K [0x0000000080000000, 0x0000000100000000)
  region size 1024K, 3 young (3072K), 3 survivors (3072K)
 Metaspace       used 33732K, committed 34240K, reserved 491520K
  class space    used 4653K, committed 4864K, reserved 425984K
}
Event: 30.821 GC heap before
{Heap before GC invocations=9 (full 0):
 garbage-first heap   total 81920K, used 55589K [0x0000000080000000, 0x0000000100000000)
  region size 1024K, 26 young (26624K), 3 survivors (3072K)
 Metaspace       used 35600K, committed 36096K, reserved 491520K
  class space    used 4850K, committed 5120K, reserved 425984K
}
Event: 30.826 GC heap after
{Heap after GC invocations=10 (full 0):
 garbage-first heap   total 81920K, used 35090K [0x0000000080000000, 0x0000000100000000)
  region size 1024K, 2 young (2048K), 2 survivors (2048K)
 Metaspace       used 35600K, committed 36096K, reserved 491520K
  class space    used 4850K, committed 5120K, reserved 425984K
}
Event: 32.986 GC heap before
{Heap before GC invocations=11 (full 0):
 garbage-first heap   total 81920K, used 63762K [0x0000000080000000, 0x0000000100000000)
  region size 1024K, 30 young (30720K), 2 survivors (2048K)
 Metaspace       used 38966K, committed 39488K, reserved 491520K
  class space    used 5420K, committed 5696K, reserved 425984K
}
Event: 32.989 GC heap after
{Heap after GC invocations=12 (full 0):
 garbage-first heap   total 81920K, used 35616K [0x0000000080000000, 0x0000000100000000)
  region size 1024K, 3 young (3072K), 3 survivors (3072K)
 Metaspace       used 38966K, committed 39488K, reserved 491520K
  class space    used 5420K, committed 5696K, reserved 425984K
}
Event: 36.799 GC heap before
{Heap before GC invocations=12 (full 0):
 garbage-first heap   total 81920K, used 64288K [0x0000000080000000, 0x0000000100000000)
  region size 1024K, 31 young (31744K), 3 survivors (3072K)
 Metaspace       used 42163K, committed 42752K, reserved 491520K
  class space    used 5868K, committed 6144K, reserved 425984K
}
Event: 36.804 GC heap after
{Heap after GC invocations=13 (full 0):
 garbage-first heap   total 81920K, used 37013K [0x0000000080000000, 0x0000000100000000)
  region size 1024K, 4 young (4096K), 4 survivors (4096K)
 Metaspace       used 42163K, committed 42752K, reserved 491520K
  class space    used 5868K, committed 6144K, reserved 425984K
}
Event: 37.386 GC heap before
{Heap before GC invocations=13 (full 0):
 garbage-first heap   total 81920K, used 46229K [0x0000000080000000, 0x0000000100000000)
  region size 1024K, 13 young (13312K), 4 survivors (4096K)
 Metaspace       used 42460K, committed 43008K, reserved 491520K
  class space    used 5901K, committed 6144K, reserved 425984K
}
Event: 37.394 GC heap after
{Heap after GC invocations=14 (full 0):
 garbage-first heap   total 81920K, used 40995K [0x0000000080000000, 0x0000000100000000)
  region size 1024K, 4 young (4096K), 4 survivors (4096K)
 Metaspace       used 42460K, committed 43008K, reserved 491520K
  class space    used 5901K, committed 6144K, reserved 425984K
}
Event: 37.838 GC heap before
{Heap before GC invocations=15 (full 0):
 garbage-first heap   total 81920K, used 68643K [0x0000000080000000, 0x0000000100000000)
  region size 1024K, 27 young (27648K), 4 survivors (4096K)
 Metaspace       used 45989K, committed 46528K, reserved 491520K
  class space    used 6375K, committed 6656K, reserved 425984K
}
Event: 37.844 GC heap after
{Heap after GC invocations=16 (full 0):
 garbage-first heap   total 163840K, used 46434K [0x0000000080000000, 0x0000000100000000)
  region size 1024K, 3 young (3072K), 3 survivors (3072K)
 Metaspace       used 45989K, committed 46528K, reserved 491520K
  class space    used 6375K, committed 6656K, reserved 425984K
}
Event: 39.344 GC heap before
{Heap before GC invocations=16 (full 0):
 garbage-first heap   total 163840K, used 103778K [0x0000000080000000, 0x0000000100000000)
  region size 1024K, 59 young (60416K), 3 survivors (3072K)
 Metaspace       used 52534K, committed 53184K, reserved 491520K
  class space    used 7316K, committed 7616K, reserved 425984K
}
Event: 39.350 GC heap after
{Heap after GC invocations=17 (full 0):
 garbage-first heap   total 163840K, used 49411K [0x0000000080000000, 0x0000000100000000)
  region size 1024K, 6 young (6144K), 6 survivors (6144K)
 Metaspace       used 52534K, committed 53184K, reserved 491520K
  class space    used 7316K, committed 7616K, reserved 425984K
}
Event: 47.546 GC heap before
{Heap before GC invocations=17 (full 0):
 garbage-first heap   total 163840K, used 108803K [0x0000000080000000, 0x0000000100000000)
  region size 1024K, 65 young (66560K), 6 survivors (6144K)
 Metaspace       used 57239K, committed 57792K, reserved 491520K
  class space    used 7960K, committed 8192K, reserved 425984K
}
Event: 47.576 GC heap after
{Heap after GC invocations=18 (full 0):
 garbage-first heap   total 163840K, used 53166K [0x0000000080000000, 0x0000000100000000)
  region size 1024K, 7 young (7168K), 7 survivors (7168K)
 Metaspace       used 57239K, committed 57792K, reserved 491520K
  class space    used 7960K, committed 8192K, reserved 425984K
}

