# JRE version: OpenJDK Runtime Environment Microsoft-8902769 (17.0.10+7) (build 17.0.10+7-LTS)
# Java VM: OpenJDK 64-Bit Server VM Microsoft-8902769 (17.0.10+7-LTS, mixed mode, sharing, tiered, compressed oops, compressed class ptrs, g1 gc, windows-amd64)
GC Precious Log:
 CPUs: 12 total, 12 available
 Memory: 7860M
 Large Page Support: Disabled
 NUMA Support: Disabled
 Compressed Oops: Enabled (32-bit)
 Heap Region Size: 1M
 Heap Min Capacity: 8M
 Heap Initial Capacity: 124M
 Heap Max Capacity: 2G
 Pre-touch: Disabled
 Parallel Workers: 10
 Concurrent Workers: 3
 Concurrent Refinement Workers: 10
 Periodic GC: Disabled
Heap:
 garbage-first heap   total 162816K, used 68678K [0x0000000080000000, 0x0000000100000000)
  region size 1024K, 18 young (18432K), 1 survivors (1024K)
 Metaspace       used 56729K, committed 57344K, reserved 491520K
  class space    used 7868K, committed 8128K, reserved 425984K
GC Heap History (20 events):
Event: 46.293 GC heap before
{Heap before GC invocations=13 (full 0):
 garbage-first heap   total 81920K, used 42840K [0x0000000080000000, 0x0000000100000000)
  region size 1024K, 6 young (6144K), 3 survivors (3072K)
 Metaspace       used 42507K, committed 43072K, reserved 491520K
  class space    used 5900K, committed 6144K, reserved 425984K
}
Event: 46.300 GC heap after
{Heap after GC invocations=14 (full 0):
 garbage-first heap   total 81920K, used 41546K [0x0000000080000000, 0x0000000100000000)
  region size 1024K, 3 young (3072K), 3 survivors (3072K)
 Metaspace       used 42507K, committed 43072K, reserved 491520K
  class space    used 5900K, committed 6144K, reserved 425984K
}
Event: 47.463 GC heap before
{Heap before GC invocations=15 (full 0):
 garbage-first heap   total 81920K, used 68170K [0x0000000080000000, 0x0000000100000000)
  region size 1024K, 25 young (25600K), 3 survivors (3072K)
 Metaspace       used 45871K, committed 46400K, reserved 491520K
  class space    used 6337K, committed 6592K, reserved 425984K
}
Event: 47.468 GC heap after
{Heap after GC invocations=16 (full 0):
 garbage-first heap   total 81920K, used 47094K [0x0000000080000000, 0x0000000100000000)
  region size 1024K, 4 young (4096K), 4 survivors (4096K)
 Metaspace       used 45871K, committed 46400K, reserved 491520K
  class space    used 6337K, committed 6592K, reserved 425984K
}
Event: 47.525 GC heap before
{Heap before GC invocations=16 (full 0):
 garbage-first heap   total 81920K, used 48118K [0x0000000080000000, 0x0000000100000000)
  region size 1024K, 5 young (5120K), 4 survivors (4096K)
 Metaspace       used 46031K, committed 46592K, reserved 491520K
  class space    used 6373K, committed 6656K, reserved 425984K
}
Event: 47.535 GC heap after
{Heap after GC invocations=17 (full 0):
 garbage-first heap   total 81920K, used 46439K [0x0000000080000000, 0x0000000100000000)
  region size 1024K, 1 young (1024K), 1 survivors (1024K)
 Metaspace       used 46031K, committed 46592K, reserved 491520K
  class space    used 6373K, committed 6656K, reserved 425984K
}
Event: 48.319 GC heap before
{Heap before GC invocations=17 (full 0):
 garbage-first heap   total 81920K, used 65895K [0x0000000080000000, 0x0000000100000000)
  region size 1024K, 20 young (20480K), 1 survivors (1024K)
 Metaspace       used 48094K, committed 48640K, reserved 491520K
  class space    used 6707K, committed 6976K, reserved 425984K
}
Event: 48.321 GC heap after
{Heap after GC invocations=18 (full 0):
 garbage-first heap   total 81920K, used 46988K [0x0000000080000000, 0x0000000100000000)
  region size 1024K, 1 young (1024K), 1 survivors (1024K)
 Metaspace       used 48094K, committed 48640K, reserved 491520K
  class space    used 6707K, committed 6976K, reserved 425984K
}
Event: 49.421 GC heap before
{Heap before GC invocations=19 (full 0):
 garbage-first heap   total 81920K, used 66444K [0x0000000080000000, 0x0000000100000000)
  region size 1024K, 20 young (20480K), 1 survivors (1024K)
 Metaspace       used 50070K, committed 50752K, reserved 491520K
  class space    used 6988K, committed 7296K, reserved 425984K
}
Event: 49.424 GC heap after
{Heap after GC invocations=20 (full 0):
 garbage-first heap   total 81920K, used 48252K [0x0000000080000000, 0x0000000100000000)
  region size 1024K, 3 young (3072K), 3 survivors (3072K)
 Metaspace       used 50070K, committed 50752K, reserved 491520K
  class space    used 6988K, committed 7296K, reserved 425984K
}
Event: 49.496 GC heap before
{Heap before GC invocations=20 (full 0):
 garbage-first heap   total 81920K, used 49276K [0x0000000080000000, 0x0000000100000000)
  region size 1024K, 4 young (4096K), 3 survivors (3072K)
 Metaspace       used 50205K, committed 50816K, reserved 491520K
  class space    used 7008K, committed 7296K, reserved 425984K
}
Event: 49.513 GC heap after
{Heap after GC invocations=21 (full 0):
 garbage-first heap   total 81920K, used 48473K [0x0000000080000000, 0x0000000100000000)
  region size 1024K, 1 young (1024K), 1 survivors (1024K)
 Metaspace       used 50205K, committed 50816K, reserved 491520K
  class space    used 7008K, committed 7296K, reserved 425984K
}
Event: 50.000 GC heap before
{Heap before GC invocations=21 (full 0):
 garbage-first heap   total 81920K, used 66905K [0x0000000080000000, 0x0000000100000000)
  region size 1024K, 19 young (19456K), 1 survivors (1024K)
 Metaspace       used 52644K, committed 53312K, reserved 491520K
  class space    used 7318K, committed 7616K, reserved 425984K
}
Event: 50.002 GC heap after
{Heap after GC invocations=22 (full 0):
 garbage-first heap   total 81920K, used 49442K [0x0000000080000000, 0x0000000100000000)
  region size 1024K, 2 young (2048K), 2 survivors (2048K)
 Metaspace       used 52644K, committed 53312K, reserved 491520K
  class space    used 7318K, committed 7616K, reserved 425984K
}
Event: 50.584 GC heap before
{Heap before GC invocations=23 (full 0):
 garbage-first heap   total 87040K, used 65826K [0x0000000080000000, 0x0000000100000000)
  region size 1024K, 18 young (18432K), 2 survivors (2048K)
 Metaspace       used 54323K, committed 54912K, reserved 491520K
  class space    used 7535K, committed 7808K, reserved 425984K
}
Event: 50.589 GC heap after
{Heap after GC invocations=24 (full 0):
 garbage-first heap   total 87040K, used 51734K [0x0000000080000000, 0x0000000100000000)
  region size 1024K, 3 young (3072K), 3 survivors (3072K)
 Metaspace       used 54323K, committed 54912K, reserved 491520K
  class space    used 7535K, committed 7808K, reserved 425984K
}
Event: 50.627 GC heap before
{Heap before GC invocations=24 (full 0):
 garbage-first heap   total 87040K, used 52758K [0x0000000080000000, 0x0000000100000000)
  region size 1024K, 4 young (4096K), 3 survivors (3072K)
 Metaspace       used 54331K, committed 54912K, reserved 491520K
  class space    used 7535K, committed 7808K, reserved 425984K
}
Event: 50.631 GC heap after
{Heap after GC invocations=25 (full 0):
 garbage-first heap   total 87040K, used 52014K [0x0000000080000000, 0x0000000100000000)
  region size 1024K, 1 young (1024K), 1 survivors (1024K)
 Metaspace       used 54331K, committed 54912K, reserved 491520K
  class space    used 7535K, committed 7808K, reserved 425984K
}
Event: 51.380 GC heap before
{Heap before GC invocations=25 (full 0):
 garbage-first heap   total 87040K, used 69422K [0x0000000080000000, 0x0000000100000000)
  region size 1024K, 19 young (19456K), 1 survivors (1024K)
 Metaspace       used 55685K, committed 56256K, reserved 491520K
  class space    used 7716K, committed 8000K, reserved 425984K
}
Event: 51.383 GC heap after
{Heap after GC invocations=26 (full 0):
 garbage-first heap   total 162816K, used 52294K [0x0000000080000000, 0x0000000100000000)
  region size 1024K, 1 young (1024K), 1 survivors (1024K)
 Metaspace       used 55685K, committed 56256K, reserved 491520K
  class space    used 7716K, committed 8000K, reserved 425984K
}

