# JRE version: OpenJDK Runtime Environment Microsoft-8902769 (17.0.10+7) (build 17.0.10+7-LTS)
# Java VM: OpenJDK 64-Bit Server VM Microsoft-8902769 (17.0.10+7-LTS, mixed mode, sharing, tiered, compressed oops, compressed class ptrs, g1 gc, windows-amd64)
GC Precious Log:
 CPUs: 12 total, 12 available
 Memory: 7860M
 Large Page Support: Disabled
 NUMA Support: Disabled
 Compressed Oops: Enabled (32-bit)
 Heap Region Size: 1M
 Heap Min Capacity: 8M
 Heap Initial Capacity: 124M
 Heap Max Capacity: 2G
 Pre-touch: Disabled
 Parallel Workers: 10
 Concurrent Workers: 3
 Concurrent Refinement Workers: 10
 Periodic GC: Disabled
Heap:
 garbage-first heap   total 163840K, used 106147K [0x0000000080000000, 0x0000000100000000)
  region size 1024K, 61 young (62464K), 2 survivors (2048K)
 Metaspace       used 55008K, committed 55616K, reserved 491520K
  class space    used 7607K, committed 7872K, reserved 425984K
GC Heap History (20 events):
Event: 10.458 GC heap before
{Heap before GC invocations=3 (full 0):
 garbage-first heap   total 126976K, used 51465K [0x0000000080000000, 0x0000000100000000)
  region size 1024K, 41 young (41984K), 10 survivors (10240K)
 Metaspace       used 21167K, committed 21504K, reserved 491520K
  class space    used 3132K, committed 3328K, reserved 425984K
}
Event: 10.464 GC heap after
{Heap after GC invocations=4 (full 0):
 garbage-first heap   total 126976K, used 22822K [0x0000000080000000, 0x0000000100000000)
  region size 1024K, 3 young (3072K), 3 survivors (3072K)
 Metaspace       used 21167K, committed 21504K, reserved 491520K
  class space    used 3132K, committed 3328K, reserved 425984K
}
Event: 12.912 GC heap before
{Heap before GC invocations=5 (full 0):
 garbage-first heap   total 86016K, used 70950K [0x0000000080000000, 0x0000000100000000)
  region size 1024K, 50 young (51200K), 3 survivors (3072K)
 Metaspace       used 28777K, committed 29184K, reserved 491520K
  class space    used 4029K, committed 4224K, reserved 425984K
}
Event: 12.917 GC heap after
{Heap after GC invocations=6 (full 0):
 garbage-first heap   total 86016K, used 27587K [0x0000000080000000, 0x0000000100000000)
  region size 1024K, 7 young (7168K), 7 survivors (7168K)
 Metaspace       used 28777K, committed 29184K, reserved 491520K
  class space    used 4029K, committed 4224K, reserved 425984K
}
Event: 12.921 GC heap before
{Heap before GC invocations=6 (full 0):
 garbage-first heap   total 86016K, used 28611K [0x0000000080000000, 0x0000000100000000)
  region size 1024K, 8 young (8192K), 7 survivors (7168K)
 Metaspace       used 28778K, committed 29184K, reserved 491520K
  class space    used 4029K, committed 4224K, reserved 425984K
}
Event: 12.924 GC heap after
{Heap after GC invocations=7 (full 0):
 garbage-first heap   total 86016K, used 27900K [0x0000000080000000, 0x0000000100000000)
  region size 1024K, 1 young (1024K), 1 survivors (1024K)
 Metaspace       used 28778K, committed 29184K, reserved 491520K
  class space    used 4029K, committed 4224K, reserved 425984K
}
Event: 19.078 GC heap before
{Heap before GC invocations=7 (full 0):
 garbage-first heap   total 86016K, used 64764K [0x0000000080000000, 0x0000000100000000)
  region size 1024K, 35 young (35840K), 1 survivors (1024K)
 Metaspace       used 31895K, committed 32320K, reserved 491520K
  class space    used 4373K, committed 4544K, reserved 425984K
}
Event: 19.082 GC heap after
{Heap after GC invocations=8 (full 0):
 garbage-first heap   total 86016K, used 30409K [0x0000000080000000, 0x0000000100000000)
  region size 1024K, 4 young (4096K), 4 survivors (4096K)
 Metaspace       used 31895K, committed 32320K, reserved 491520K
  class space    used 4373K, committed 4544K, reserved 425984K
}
Event: 31.817 GC heap before
{Heap before GC invocations=8 (full 0):
 garbage-first heap   total 86016K, used 63177K [0x0000000080000000, 0x0000000100000000)
  region size 1024K, 36 young (36864K), 4 survivors (4096K)
 Metaspace       used 33796K, committed 34304K, reserved 491520K
  class space    used 4663K, committed 4864K, reserved 425984K
}
Event: 31.822 GC heap after
{Heap after GC invocations=9 (full 0):
 garbage-first heap   total 86016K, used 31803K [0x0000000080000000, 0x0000000100000000)
  region size 1024K, 3 young (3072K), 3 survivors (3072K)
 Metaspace       used 33796K, committed 34304K, reserved 491520K
  class space    used 4663K, committed 4864K, reserved 425984K
}
Event: 36.041 GC heap before
{Heap before GC invocations=9 (full 0):
 garbage-first heap   total 86016K, used 47163K [0x0000000080000000, 0x0000000100000000)
  region size 1024K, 19 young (19456K), 3 survivors (3072K)
 Metaspace       used 35468K, committed 35968K, reserved 491520K
  class space    used 4820K, committed 5056K, reserved 425984K
}
Event: 36.044 GC heap after
{Heap after GC invocations=10 (full 0):
 garbage-first heap   total 86016K, used 32610K [0x0000000080000000, 0x0000000100000000)
  region size 1024K, 3 young (3072K), 3 survivors (3072K)
 Metaspace       used 35468K, committed 35968K, reserved 491520K
  class space    used 4820K, committed 5056K, reserved 425984K
}
Event: 39.031 GC heap before
{Heap before GC invocations=11 (full 0):
 garbage-first heap   total 86016K, used 67426K [0x0000000080000000, 0x0000000100000000)
  region size 1024K, 37 young (37888K), 3 survivors (3072K)
 Metaspace       used 39419K, committed 40000K, reserved 491520K
  class space    used 5477K, committed 5760K, reserved 425984K
}
Event: 39.041 GC heap after
{Heap after GC invocations=12 (full 0):
 garbage-first heap   total 86016K, used 34382K [0x0000000080000000, 0x0000000100000000)
  region size 1024K, 3 young (3072K), 3 survivors (3072K)
 Metaspace       used 39419K, committed 40000K, reserved 491520K
  class space    used 5477K, committed 5760K, reserved 425984K
}
Event: 46.039 GC heap before
{Heap before GC invocations=12 (full 0):
 garbage-first heap   total 86016K, used 67150K [0x0000000080000000, 0x0000000100000000)
  region size 1024K, 35 young (35840K), 3 survivors (3072K)
 Metaspace       used 42418K, committed 42944K, reserved 491520K
  class space    used 5889K, committed 6144K, reserved 425984K
}
Event: 46.043 GC heap after
{Heap after GC invocations=13 (full 0):
 garbage-first heap   total 86016K, used 36485K [0x0000000080000000, 0x0000000100000000)
  region size 1024K, 5 young (5120K), 5 survivors (5120K)
 Metaspace       used 42418K, committed 42944K, reserved 491520K
  class space    used 5889K, committed 6144K, reserved 425984K
}
Event: 47.762 GC heap before
{Heap before GC invocations=13 (full 0):
 garbage-first heap   total 86016K, used 74373K [0x0000000080000000, 0x0000000100000000)
  region size 1024K, 36 young (36864K), 5 survivors (5120K)
 Metaspace       used 46693K, committed 47296K, reserved 491520K
  class space    used 6480K, committed 6720K, reserved 425984K
}
Event: 47.781 GC heap after
{Heap after GC invocations=14 (full 0):
 garbage-first heap   total 86016K, used 45176K [0x0000000080000000, 0x0000000100000000)
  region size 1024K, 5 young (5120K), 5 survivors (5120K)
 Metaspace       used 46693K, committed 47296K, reserved 491520K
  class space    used 6480K, committed 6720K, reserved 425984K
}
Event: 49.056 GC heap before
{Heap before GC invocations=14 (full 0):
 garbage-first heap   total 86016K, used 68728K [0x0000000080000000, 0x0000000100000000)
  region size 1024K, 28 young (28672K), 5 survivors (5120K)
 Metaspace       used 49066K, committed 49664K, reserved 491520K
  class space    used 6819K, committed 7104K, reserved 425984K
}
Event: 49.068 GC heap after
{Heap after GC invocations=15 (full 0):
 garbage-first heap   total 173056K, used 46755K [0x0000000080000000, 0x0000000100000000)
  region size 1024K, 2 young (2048K), 2 survivors (2048K)
 Metaspace       used 49066K, committed 49664K, reserved 491520K
  class space    used 6819K, committed 7104K, reserved 425984K
}

